<?xml version="1.0" encoding="UTF-8"?>
<!-- Generated by org.testng.reporters.JUnitXMLReporter -->
<testsuite ignored="0" hostname="DESKTOP-SCKHA1S" failures="2" tests="28" name="Test" time="154.08" errors="0" timestamp="2020-10-25T16:27:56 IST">
  <testcase classname="optitex.tests.TC16MissingContactTest" name="MissingContactData" time="7.04"/>
  <testcase classname="optitex.tests.TC32SearchWrongDataFromExcel" name="searckInvalidData" time="6.087"/>
  <testcase classname="optitex.tests.TC12HelpIndex" name="checkHelpIndex" time="7.531"/>
  <testcase classname="optitex.tests.TC32SearchWrongDataFromExcel" name="searckInvalidData" time="3.311"/>
  <testcase classname="optitex.tests.TC32SearchWrongDataFromExcel" name="searckInvalidData" time="2.672"/>
  <testcase classname="optitex.tests.TC18FaqLink" name="faqLink" time="14.262"/>
  <testcase classname="optitex.tests.TC01BookDemoTest" name="bookDemo" time="3.704"/>
  <testcase classname="optitex.tests.TC05SearchByMenu" name="searchAboutByMenu" time="6.081"/>
  <testcase classname="optitex.tests.TC04SearchWrongData" name="searckInvalidData" time="12.739"/>
  <testcase classname="optitex.tests.TC15ChangeLanguage" name="changeToItalian" time="5.603"/>
  <testcase classname="optitex.tests.TC19CountOffices" name="countOfficeNum" time="8.916"/>
  <testcase classname="optitex.tests.TC09GoToTopArrow" name="downAndUp" time="1.484">
    <failure type="java.lang.AssertionError" message="expected [DESIGN. DEVELOP. PRODUCE.] but found []">
      <![CDATA[java.lang.AssertionError: expected [DESIGN. DEVELOP. PRODUCE.] but found []
at optitex.tests.TC09GoToTopArrow.downAndUp(TC09GoToTopArrow.java:17)
at java.base/java.util.concurrent.ThreadPoolExecutor.runWorker(ThreadPoolExecutor.java:1128)
at java.base/java.util.concurrent.ThreadPoolExecutor$Worker.run(ThreadPoolExecutor.java:628)
at java.base/java.lang.Thread.run(Thread.java:834)
... Removed 18 stack frames]]>
    </failure>
  </testcase> <!-- downAndUp -->
  <testcase classname="optitex.tests.TC03SearchWebinarTest" name="searchWebinar" time="10.644"/>
  <testcase classname="optitex.tests.TC14HelpSearch" name="searchText" time="12.16"/>
  <testcase classname="optitex.tests.TC10HoverCoat" name="hoverCoatPoints" time="0.867"/>
  <testcase classname="optitex.tests.TC06LoginWrongUser" name="loginElearningWrongUser" time="9.348"/>
  <testcase classname="optitex.tests.TC31LoginWrongUserFromExcel" name="loginElearningWrongUser" time="4.306"/>
  <testcase classname="optitex.tests.TC13HelpGlossary" name="glossaryFilter" time="7.198"/>
  <testcase classname="optitex.tests.TC31LoginWrongUserFromExcel" name="loginElearningWrongUser" time="2.749"/>
  <testcase classname="optitex.tests.TC31LoginWrongUserFromExcel" name="loginElearningWrongUser" time="2.791"/>
  <testcase classname="optitex.tests.TC31LoginWrongUserFromExcel" name="loginElearningWrongUser" time="2.77"/>
  <testcase classname="optitex.tests.TC31LoginWrongUserFromExcel" name="loginElearningWrongUser" time="3.339"/>
  <testcase classname="optitex.tests.TC07LoginResetPassword" name="resetPassword" time="9.498"/>
  <testcase classname="optitex.tests.TC17ContactUsTest" name="contactUs" time="5.613">
    <failure type="org.openqa.selenium.NoSuchElementException" message="no such element: Unable to locate element: {&amp;quot;method&amp;quot;:&amp;quot;css selector&amp;quot;,&amp;quot;selector&amp;quot;:&amp;quot;.form-market-segment.dropdown__select.select2-hidden-accessible.valid&amp;quot;}
  (Session info: chrome=86.0.4240.111)
For documentation on this error, please visit: https://www.seleniumhq.org/exceptions/no_such_element.html
Build info: version: &amp;apos;3.141.59&amp;apos;, revision: &amp;apos;e82be7d358&amp;apos;, time: &amp;apos;2018-11-14T08:25:48&amp;apos;
System info: host: &amp;apos;DESKTOP-SCKHA1S&amp;apos;, ip: &amp;apos;192.168.1.230&amp;apos;, os.name: &amp;apos;Windows 10&amp;apos;, os.arch: &amp;apos;amd64&amp;apos;, os.version: &amp;apos;10.0&amp;apos;, java.version: &amp;apos;11.0.8&amp;apos;
Driver info: org.openqa.selenium.chrome.ChromeDriver
Capabilities {acceptInsecureCerts: false, browserName: chrome, browserVersion: 86.0.4240.111, chrome: {chromedriverVersion: 85.0.4183.87 (cd6713ebf92fa..., userDataDir: C:\Users\User\AppData\Local...}, goog:chromeOptions: {debuggerAddress: localhost:51618}, javascriptEnabled: true, networkConnectionEnabled: false, pageLoadStrategy: normal, platform: WINDOWS, platformName: WINDOWS, proxy: Proxy(), setWindowRect: true, strictFileInteractability: false, timeouts: {implicit: 0, pageLoad: 300000, script: 30000}, unhandledPromptBehavior: dismiss and notify, webauthn:virtualAuthenticators: true}
Session ID: e2ba0a62c94411238cbe880febab174f
*** Element info: {Using=css selector, value=.form-market-segment.dropdown__select.select2-hidden-accessible.valid}">
      <![CDATA[org.openqa.selenium.NoSuchElementException: no such element: Unable to locate element: {"method":"css selector","selector":".form-market-segment.dropdown__select.select2-hidden-accessible.valid"}
  (Session info: chrome=86.0.4240.111)
For documentation on this error, please visit: https://www.seleniumhq.org/exceptions/no_such_element.html
Build info: version: '3.141.59', revision: 'e82be7d358', time: '2018-11-14T08:25:48'
System info: host: 'DESKTOP-SCKHA1S', ip: '192.168.1.230', os.name: 'Windows 10', os.arch: 'amd64', os.version: '10.0', java.version: '11.0.8'
Driver info: org.openqa.selenium.chrome.ChromeDriver
Capabilities {acceptInsecureCerts: false, browserName: chrome, browserVersion: 86.0.4240.111, chrome: {chromedriverVersion: 85.0.4183.87 (cd6713ebf92fa..., userDataDir: C:\Users\User\AppData\Local...}, goog:chromeOptions: {debuggerAddress: localhost:51618}, javascriptEnabled: true, networkConnectionEnabled: false, pageLoadStrategy: normal, platform: WINDOWS, platformName: WINDOWS, proxy: Proxy(), setWindowRect: true, strictFileInteractability: false, timeouts: {implicit: 0, pageLoad: 300000, script: 30000}, unhandledPromptBehavior: dismiss and notify, webauthn:virtualAuthenticators: true}
Session ID: e2ba0a62c94411238cbe880febab174f
*** Element info: {Using=css selector, value=.form-market-segment.dropdown__select.select2-hidden-accessible.valid}
at org.openqa.selenium.remote.http.W3CHttpResponseCodec.createException(W3CHttpResponseCodec.java:187)
at org.openqa.selenium.remote.http.W3CHttpResponseCodec.decode(W3CHttpResponseCodec.java:122)
at org.openqa.selenium.remote.http.W3CHttpResponseCodec.decode(W3CHttpResponseCodec.java:49)
at org.openqa.selenium.remote.HttpCommandExecutor.execute(HttpCommandExecutor.java:158)
at org.openqa.selenium.remote.service.DriverCommandExecutor.execute(DriverCommandExecutor.java:83)
at org.openqa.selenium.remote.RemoteWebDriver.execute(RemoteWebDriver.java:552)
at org.openqa.selenium.remote.RemoteWebDriver.findElement(RemoteWebDriver.java:323)
at org.openqa.selenium.remote.RemoteWebDriver.findElementByCssSelector(RemoteWebDriver.java:420)
at org.openqa.selenium.By$ByCssSelector.findElement(By.java:431)
at org.openqa.selenium.remote.RemoteWebDriver.findElement(RemoteWebDriver.java:315)
at org.openqa.selenium.support.pagefactory.DefaultElementLocator.findElement(DefaultElementLocator.java:69)
at org.openqa.selenium.support.pagefactory.internal.LocatingElementHandler.invoke(LocatingElementHandler.java:38)
at com.sun.proxy.$Proxy14.getTagName(Unknown Source)
at org.openqa.selenium.support.ui.Select.<init>(Select.java:45)
at optitex.pageobjects.BasePage.selectByValue(BasePage.java:56)
at optitex.pageobjects.ContactUsPage.fillInfo(ContactUsPage.java:58)
at optitex.tests.TC17ContactUsTest.contactUs(TC17ContactUsTest.java:18)
at java.base/java.util.concurrent.ThreadPoolExecutor.runWorker(ThreadPoolExecutor.java:1128)
at java.base/java.util.concurrent.ThreadPoolExecutor$Worker.run(ThreadPoolExecutor.java:628)
at java.base/java.lang.Thread.run(Thread.java:834)
... Removed 16 stack frames]]>
    </failure>
  </testcase> <!-- contactUs -->
  <testcase classname="optitex.tests.TC20CountTotalBlogs" name="countBlogs" time="31.404"/>
  <testcase classname="optitex.tests.TC08MissingLogin" name="getStarted" time="8.788"/>
  <testcase classname="optitex.tests.TC11HelpFilter" name="checkHelpFilter" time="9.285"/>
  <testcase classname="optitex.tests.TC02WatchVideoTest" name="diProductMovie" time="13.278"/>
</testsuite> <!-- Test -->
